$ gt tagerator -q Q1.gz -pck pck-human -e 1 -maxocc 5 
# computing prefix matches with up to 1 differences and at most 5 occurrences in the subject sequences
# indexname(pck)=pck-human
# queryfile=Q1.gz
# for each match show: tagnum tagseq dblength dbstartpos strand taglength 
#	0	15	aagcttgctgctgca
8	1264	122	+	8
8	549	197	+	8
8	734	280	+	8
9	699	24	+	8
9	1060	311	+	8
9	1594	18	+	9
9	1475	90	+	9
9	1022	445	+	9
9	718	87	+	9
9	913	382	+	9
9	835	315	+	9
9	855	408	+	9
8	1534	258	+	7
8	1264	121	+	7
8	1476	281	+	7
